{"C:\\Users\\Brandon\\Desktop\\Github repos\\csc-456-paw\\src\\components\\PostCard.tsx": {"path":"C:\\Users\\Brandon\\Desktop\\Github repos\\csc-456-paw\\src\\components\\PostCard.tsx","statementMap":{"0":{"start":{"line":1,"column":0},"end":{"line":1,"column":40}},"1":{"start":{"line":2,"column":0},"end":{"line":2,"column":52}},"2":{"start":{"line":17,"column":42},"end":{"line":96,"column":1}},"3":{"start":{"line":18,"column":32},"end":{"line":18,"column":47}},"4":{"start":{"line":19,"column":36},"end":{"line":19,"column":60}},"5":{"start":{"line":20,"column":42},"end":{"line":20,"column":69}},"6":{"start":{"line":21,"column":42},"end":{"line":21,"column":57}},"7":{"start":{"line":22,"column":36},"end":{"line":22,"column":58}},"8":{"start":{"line":23,"column":46},"end":{"line":23,"column":58}},"9":{"start":{"line":26,"column":2},"end":{"line":28,"column":3}},"10":{"start":{"line":27,"column":4},"end":{"line":27,"column":72}},"11":{"start":{"line":30,"column":26},"end":{"line":33,"column":3}},"12":{"start":{"line":31,"column":4},"end":{"line":31,"column":98}},"13":{"start":{"line":31,"column":40},"end":{"line":31,"column":53}},"14":{"start":{"line":31,"column":83},"end":{"line":31,"column":96}},"15":{"start":{"line":32,"column":4},"end":{"line":32,"column":25}},"16":{"start":{"line":35,"column":29},"end":{"line":37,"column":3}},"17":{"start":{"line":36,"column":4},"end":{"line":36,"column":35}},"18":{"start":{"line":39,"column":32},"end":{"line":42,"column":3}},"19":{"start":{"line":40,"column":4},"end":{"line":40,"column":53}},"20":{"start":{"line":40,"column":26},"end":{"line":40,"column":51}},"21":{"start":{"line":41,"column":4},"end":{"line":41,"column":null}},"22":{"start":{"line":41,"column":33},"end":{"line":41,"column":46}},"23":{"start":{"line":44,"column":25},"end":{"line":46,"column":3}},"24":{"start":{"line":45,"column":4},"end":{"line":45,"column":42}},"25":{"start":{"line":48,"column":2},"end":{"line":95,"column":4}},"26":{"start":{"line":83,"column":34},"end":{"line":83,"column":137}},"27":{"start":{"line":98,"column":0},"end":{"line":98,"column":24}}},"fnMap":{"0":{"name":"(anonymous_0)","decl":{"start":{"line":17,"column":42},"end":{"line":17,"column":43}},"loc":{"start":{"line":17,"column":55},"end":{"line":96,"column":1}}},"1":{"name":"(anonymous_1)","decl":{"start":{"line":30,"column":26},"end":{"line":30,"column":29}},"loc":{"start":{"line":30,"column":31},"end":{"line":33,"column":3}}},"2":{"name":"(anonymous_2)","decl":{"start":{"line":31,"column":27},"end":{"line":31,"column":36}},"loc":{"start":{"line":31,"column":40},"end":{"line":31,"column":53}}},"3":{"name":"(anonymous_3)","decl":{"start":{"line":31,"column":70},"end":{"line":31,"column":79}},"loc":{"start":{"line":31,"column":83},"end":{"line":31,"column":96}}},"4":{"name":"(anonymous_4)","decl":{"start":{"line":35,"column":29},"end":{"line":35,"column":32}},"loc":{"start":{"line":35,"column":34},"end":{"line":37,"column":3}}},"5":{"name":"(anonymous_5)","decl":{"start":{"line":39,"column":32},"end":{"line":39,"column":35}},"loc":{"start":{"line":39,"column":37},"end":{"line":42,"column":3}}},"6":{"name":"(anonymous_6)","decl":{"start":{"line":40,"column":18},"end":{"line":40,"column":22}},"loc":{"start":{"line":40,"column":26},"end":{"line":40,"column":51}}},"7":{"name":"(anonymous_7)","decl":{"start":{"line":41,"column":20},"end":{"line":41,"column":29}},"loc":{"start":{"line":41,"column":33},"end":{"line":41,"column":46}}},"8":{"name":"(anonymous_8)","decl":{"start":{"line":44,"column":25},"end":{"line":44,"column":26}},"loc":{"start":{"line":44,"column":39},"end":{"line":46,"column":3}}},"9":{"name":"(anonymous_9)","decl":{"start":{"line":83,"column":26},"end":{"line":83,"column":30}},"loc":{"start":{"line":83,"column":34},"end":{"line":83,"column":137}}}},"branchMap":{"0":{"loc":{"start":{"line":26,"column":2},"end":{"line":28,"column":3}},"type":"if","locations":[{"start":{"line":26,"column":2},"end":{"line":28,"column":3}}]},"1":{"loc":{"start":{"line":26,"column":6},"end":{"line":26,"column":142}},"type":"binary-expr","locations":[{"start":{"line":26,"column":6},"end":{"line":26,"column":14}},{"start":{"line":26,"column":18},"end":{"line":26,"column":32}},{"start":{"line":26,"column":36},"end":{"line":26,"column":57}},{"start":{"line":26,"column":61},"end":{"line":26,"column":75}},{"start":{"line":26,"column":79},"end":{"line":26,"column":107}},{"start":{"line":26,"column":111},"end":{"line":26,"column":142}}]},"2":{"loc":{"start":{"line":31,"column":4},"end":{"line":31,"column":97}},"type":"cond-expr","locations":[{"start":{"line":31,"column":14},"end":{"line":31,"column":54}},{"start":{"line":31,"column":57},"end":{"line":31,"column":97}}]},"3":{"loc":{"start":{"line":66,"column":68},"end":{"line":66,"column":131}},"type":"cond-expr","locations":[{"start":{"line":66,"column":78},"end":{"line":66,"column":101}},{"start":{"line":66,"column":104},"end":{"line":66,"column":131}}]},"4":{"loc":{"start":{"line":79,"column":7},"end":{"line":92,"column":null}},"type":"binary-expr","locations":[{"start":{"line":79,"column":7},"end":{"line":79,"column":19}},{"start":{"line":80,"column":8},"end":{"line":91,"column":null}}]}},"s":{"0":2,"1":2,"2":2,"3":108,"4":108,"5":108,"6":108,"7":108,"8":108,"9":108,"10":4,"11":104,"12":3,"13":1,"14":2,"15":3,"16":104,"17":3,"18":104,"19":1,"20":1,"21":1,"22":1,"23":104,"24":88,"25":104,"26":1,"27":2},"f":{"0":108,"1":3,"2":1,"3":2,"4":3,"5":1,"6":1,"7":1,"8":88,"9":1},"b":{"0":[4],"1":[108,104,104,104,104,104],"2":[1,2],"3":[2,102],"4":[104,92]}}
,"C:\\Users\\Brandon\\Desktop\\Github repos\\csc-456-paw\\src\\components\\PostList.tsx": {"path":"C:\\Users\\Brandon\\Desktop\\Github repos\\csc-456-paw\\src\\components\\PostList.tsx","statementMap":{"0":{"start":{"line":5,"column":0},"end":{"line":5,"column":34}},"1":{"start":{"line":20,"column":42},"end":{"line":28,"column":1}},"2":{"start":{"line":21,"column":2},"end":{"line":27,"column":4}},"3":{"start":{"line":24,"column":8},"end":{"line":24,"column":32}},"4":{"start":{"line":30,"column":0},"end":{"line":30,"column":24}}},"fnMap":{"0":{"name":"(anonymous_1)","decl":{"start":{"line":20,"column":42},"end":{"line":20,"column":43}},"loc":{"start":{"line":20,"column":56},"end":{"line":28,"column":1}}},"1":{"name":"(anonymous_2)","decl":{"start":{"line":23,"column":17},"end":{"line":23,"column":18}},"loc":{"start":{"line":24,"column":8},"end":{"line":24,"column":32}}}},"branchMap":{},"s":{"0":1,"1":1,"2":1,"3":3,"4":1},"f":{"0":1,"1":3},"b":{}}
,"C:\\Users\\Brandon\\Desktop\\Github repos\\csc-456-paw\\src\\lib\\firebase.ts": {"path":"C:\\Users\\Brandon\\Desktop\\Github repos\\csc-456-paw\\src\\lib\\firebase.ts","statementMap":{"0":{"start":{"line":1,"column":0},"end":{"line":1,"column":50}},"1":{"start":{"line":2,"column":0},"end":{"line":2,"column":45}},"2":{"start":{"line":3,"column":0},"end":{"line":3,"column":40}},"3":{"start":{"line":4,"column":0},"end":{"line":4,"column":50}},"4":{"start":{"line":6,"column":23},"end":{"line":14,"column":2}},"5":{"start":{"line":16,"column":12},"end":{"line":16,"column":41}},"6":{"start":{"line":17,"column":13},"end":{"line":17,"column":36}},"7":{"start":{"line":18,"column":13},"end":{"line":18,"column":43}},"8":{"start":{"line":19,"column":13},"end":{"line":19,"column":33}}},"fnMap":{},"branchMap":{},"s":{"0":1,"1":1,"2":1,"3":1,"4":1,"5":1,"6":1,"7":1,"8":1},"f":{},"b":{}}
,"C:\\Users\\Brandon\\Desktop\\Github repos\\csc-456-paw\\src\\routes\\Contact.tsx": {"path":"C:\\Users\\Brandon\\Desktop\\Github repos\\csc-456-paw\\src\\routes\\Contact.tsx","statementMap":{"0":{"start":{"line":1,"column":0},"end":{"line":1,"column":40}},"1":{"start":{"line":2,"column":0},"end":{"line":2,"column":35}},"2":{"start":{"line":3,"column":0},"end":{"line":3,"column":54}},"3":{"start":{"line":7,"column":36},"end":{"line":11,"column":6}},"4":{"start":{"line":13,"column":30},"end":{"line":13,"column":59}},"5":{"start":{"line":15,"column":40},"end":{"line":19,"column":6}},"6":{"start":{"line":21,"column":38},"end":{"line":21,"column":53}},"7":{"start":{"line":23,"column":25},"end":{"line":29,"column":5}},"8":{"start":{"line":24,"column":32},"end":{"line":24,"column":40}},"9":{"start":{"line":25,"column":8},"end":{"line":28,"column":12}},"10":{"start":{"line":25,"column":34},"end":{"line":28,"column":10}},"11":{"start":{"line":31,"column":25},"end":{"line":64,"column":5}},"12":{"start":{"line":32,"column":8},"end":{"line":32,"column":27}},"13":{"start":{"line":34,"column":23},"end":{"line":38,"column":10}},"14":{"start":{"line":40,"column":8},"end":{"line":40,"column":30}},"15":{"start":{"line":42,"column":8},"end":{"line":44,"column":9}},"16":{"start":{"line":42,"column":50},"end":{"line":42,"column":55}},"17":{"start":{"line":43,"column":12},"end":{"line":43,"column":19}},"18":{"start":{"line":46,"column":8},"end":{"line":57,"column":null}},"19":{"start":{"line":51,"column":12},"end":{"line":51,"column":31}},"20":{"start":{"line":52,"column":12},"end":{"line":54,"column":21}},"21":{"start":{"line":53,"column":16},"end":{"line":53,"column":36}},"22":{"start":{"line":56,"column":12},"end":{"line":56,"column":null}},"23":{"start":{"line":59,"column":8},"end":{"line":63,"column":11}},"24":{"start":{"line":66,"column":4},"end":{"line":123,"column":6}},"25":{"start":{"line":126,"column":0},"end":{"line":126,"column":23}}},"fnMap":{"0":{"name":"Contact","decl":{"start":{"line":6,"column":9},"end":{"line":6,"column":16}},"loc":{"start":{"line":6,"column":16},"end":{"line":124,"column":1}}},"1":{"name":"(anonymous_1)","decl":{"start":{"line":23,"column":25},"end":{"line":23,"column":26}},"loc":{"start":{"line":23,"column":90},"end":{"line":29,"column":5}}},"2":{"name":"(anonymous_2)","decl":{"start":{"line":25,"column":20},"end":{"line":25,"column":29}},"loc":{"start":{"line":25,"column":34},"end":{"line":28,"column":10}}},"3":{"name":"(anonymous_3)","decl":{"start":{"line":31,"column":25},"end":{"line":31,"column":30}},"loc":{"start":{"line":31,"column":71},"end":{"line":64,"column":5}}},"4":{"name":"(anonymous_4)","decl":{"start":{"line":42,"column":39},"end":{"line":42,"column":40}},"loc":{"start":{"line":42,"column":50},"end":{"line":42,"column":55}}},"5":{"name":"(anonymous_5)","decl":{"start":{"line":50,"column":17},"end":{"line":50,"column":19}},"loc":{"start":{"line":50,"column":21},"end":{"line":55,"column":9}}},"6":{"name":"(anonymous_6)","decl":{"start":{"line":52,"column":23},"end":{"line":52,"column":26}},"loc":{"start":{"line":52,"column":28},"end":{"line":54,"column":13}}},"7":{"name":"(anonymous_7)","decl":{"start":{"line":55,"column":17},"end":{"line":55,"column":18}},"loc":{"start":{"line":55,"column":26},"end":{"line":57,"column":9}}}},"branchMap":{"0":{"loc":{"start":{"line":42,"column":8},"end":{"line":44,"column":9}},"type":"if","locations":[{"start":{"line":42,"column":8},"end":{"line":44,"column":9}}]},"1":{"loc":{"start":{"line":69,"column":17},"end":{"line":72,"column":null}},"type":"binary-expr","locations":[{"start":{"line":69,"column":17},"end":{"line":69,"column":26}},{"start":{"line":70,"column":20},"end":{"line":70,"column":null}}]},"2":{"loc":{"start":{"line":86,"column":66},"end":{"line":86,"column":101}},"type":"binary-expr","locations":[{"start":{"line":86,"column":66},"end":{"line":86,"column":81}},{"start":{"line":86,"column":85},"end":{"line":86,"column":101}}]},"3":{"loc":{"start":{"line":99,"column":66},"end":{"line":99,"column":102}},"type":"binary-expr","locations":[{"start":{"line":99,"column":66},"end":{"line":99,"column":82}},{"start":{"line":99,"column":86},"end":{"line":99,"column":102}}]},"4":{"loc":{"start":{"line":112,"column":66},"end":{"line":112,"column":104}},"type":"binary-expr","locations":[{"start":{"line":112,"column":66},"end":{"line":112,"column":84}},{"start":{"line":112,"column":88},"end":{"line":112,"column":104}}]}},"s":{"0":1,"1":1,"2":1,"3":60,"4":60,"5":60,"6":60,"7":60,"8":54,"9":54,"10":54,"11":60,"12":2,"13":2,"14":2,"15":2,"16":5,"17":1,"18":1,"19":1,"20":1,"21":0,"22":0,"23":1,"24":60,"25":1},"f":{"0":60,"1":54,"2":54,"3":2,"4":5,"5":1,"6":0,"7":0},"b":{"0":[1],"1":[60,1],"2":[60,0],"3":[60,1],"4":[60,0]}}
}
