{"C:\\Users\\Brandon\\Desktop\\Github repos\\csc-456-paw\\src\\components\\PostCard.tsx": {"path":"C:\\Users\\Brandon\\Desktop\\Github repos\\csc-456-paw\\src\\components\\PostCard.tsx","statementMap":{"0":{"start":{"line":1,"column":0},"end":{"line":1,"column":40}},"1":{"start":{"line":2,"column":0},"end":{"line":2,"column":52}},"2":{"start":{"line":17,"column":42},"end":{"line":94,"column":1}},"3":{"start":{"line":18,"column":32},"end":{"line":18,"column":47}},"4":{"start":{"line":19,"column":36},"end":{"line":19,"column":60}},"5":{"start":{"line":20,"column":42},"end":{"line":20,"column":69}},"6":{"start":{"line":21,"column":42},"end":{"line":21,"column":57}},"7":{"start":{"line":22,"column":36},"end":{"line":22,"column":58}},"8":{"start":{"line":23,"column":46},"end":{"line":23,"column":58}},"9":{"start":{"line":26,"column":2},"end":{"line":28,"column":3}},"10":{"start":{"line":27,"column":4},"end":{"line":27,"column":72}},"11":{"start":{"line":30,"column":26},"end":{"line":33,"column":3}},"12":{"start":{"line":31,"column":4},"end":{"line":31,"column":98}},"13":{"start":{"line":31,"column":40},"end":{"line":31,"column":53}},"14":{"start":{"line":31,"column":83},"end":{"line":31,"column":96}},"15":{"start":{"line":32,"column":4},"end":{"line":32,"column":25}},"16":{"start":{"line":35,"column":29},"end":{"line":37,"column":3}},"17":{"start":{"line":36,"column":4},"end":{"line":36,"column":35}},"18":{"start":{"line":39,"column":32},"end":{"line":42,"column":3}},"19":{"start":{"line":40,"column":4},"end":{"line":40,"column":53}},"20":{"start":{"line":40,"column":26},"end":{"line":40,"column":51}},"21":{"start":{"line":41,"column":4},"end":{"line":41,"column":null}},"22":{"start":{"line":41,"column":33},"end":{"line":41,"column":46}},"23":{"start":{"line":44,"column":25},"end":{"line":46,"column":3}},"24":{"start":{"line":45,"column":4},"end":{"line":45,"column":42}},"25":{"start":{"line":48,"column":2},"end":{"line":93,"column":4}},"26":{"start":{"line":82,"column":34},"end":{"line":82,"column":86}},"27":{"start":{"line":96,"column":0},"end":{"line":96,"column":24}}},"fnMap":{"0":{"name":"(anonymous_0)","decl":{"start":{"line":17,"column":42},"end":{"line":17,"column":43}},"loc":{"start":{"line":17,"column":55},"end":{"line":94,"column":1}}},"1":{"name":"(anonymous_1)","decl":{"start":{"line":30,"column":26},"end":{"line":30,"column":29}},"loc":{"start":{"line":30,"column":31},"end":{"line":33,"column":3}}},"2":{"name":"(anonymous_2)","decl":{"start":{"line":31,"column":27},"end":{"line":31,"column":36}},"loc":{"start":{"line":31,"column":40},"end":{"line":31,"column":53}}},"3":{"name":"(anonymous_3)","decl":{"start":{"line":31,"column":70},"end":{"line":31,"column":79}},"loc":{"start":{"line":31,"column":83},"end":{"line":31,"column":96}}},"4":{"name":"(anonymous_4)","decl":{"start":{"line":35,"column":29},"end":{"line":35,"column":32}},"loc":{"start":{"line":35,"column":34},"end":{"line":37,"column":3}}},"5":{"name":"(anonymous_5)","decl":{"start":{"line":39,"column":32},"end":{"line":39,"column":35}},"loc":{"start":{"line":39,"column":37},"end":{"line":42,"column":3}}},"6":{"name":"(anonymous_6)","decl":{"start":{"line":40,"column":18},"end":{"line":40,"column":22}},"loc":{"start":{"line":40,"column":26},"end":{"line":40,"column":51}}},"7":{"name":"(anonymous_7)","decl":{"start":{"line":41,"column":20},"end":{"line":41,"column":29}},"loc":{"start":{"line":41,"column":33},"end":{"line":41,"column":46}}},"8":{"name":"(anonymous_8)","decl":{"start":{"line":44,"column":25},"end":{"line":44,"column":26}},"loc":{"start":{"line":44,"column":39},"end":{"line":46,"column":3}}},"9":{"name":"(anonymous_9)","decl":{"start":{"line":82,"column":26},"end":{"line":82,"column":30}},"loc":{"start":{"line":82,"column":34},"end":{"line":82,"column":86}}}},"branchMap":{"0":{"loc":{"start":{"line":26,"column":2},"end":{"line":28,"column":3}},"type":"if","locations":[{"start":{"line":26,"column":2},"end":{"line":28,"column":3}}]},"1":{"loc":{"start":{"line":26,"column":6},"end":{"line":26,"column":142}},"type":"binary-expr","locations":[{"start":{"line":26,"column":6},"end":{"line":26,"column":14}},{"start":{"line":26,"column":18},"end":{"line":26,"column":32}},{"start":{"line":26,"column":36},"end":{"line":26,"column":57}},{"start":{"line":26,"column":61},"end":{"line":26,"column":75}},{"start":{"line":26,"column":79},"end":{"line":26,"column":107}},{"start":{"line":26,"column":111},"end":{"line":26,"column":142}}]},"2":{"loc":{"start":{"line":31,"column":4},"end":{"line":31,"column":97}},"type":"cond-expr","locations":[{"start":{"line":31,"column":14},"end":{"line":31,"column":54}},{"start":{"line":31,"column":57},"end":{"line":31,"column":97}}]},"3":{"loc":{"start":{"line":66,"column":68},"end":{"line":66,"column":131}},"type":"cond-expr","locations":[{"start":{"line":66,"column":78},"end":{"line":66,"column":101}},{"start":{"line":66,"column":104},"end":{"line":66,"column":131}}]},"4":{"loc":{"start":{"line":78,"column":7},"end":{"line":90,"column":null}},"type":"binary-expr","locations":[{"start":{"line":78,"column":7},"end":{"line":78,"column":19}},{"start":{"line":79,"column":8},"end":{"line":89,"column":null}}]}},"s":{"0":1,"1":1,"2":1,"3":7,"4":7,"5":7,"6":7,"7":7,"8":7,"9":7,"10":0,"11":7,"12":3,"13":1,"14":2,"15":3,"16":7,"17":0,"18":7,"19":0,"20":0,"21":0,"22":0,"23":7,"24":0,"25":7,"26":0,"27":1},"f":{"0":7,"1":3,"2":1,"3":2,"4":0,"5":0,"6":0,"7":0,"8":0,"9":0},"b":{"0":[0],"1":[7,7,7,7,7,7],"2":[1,2],"3":[2,5],"4":[7,0]}}
}
