TN:
SF:..\..\src\components\PostCard.tsx
FN:17,(anonymous_0)
FN:30,(anonymous_1)
FN:31,(anonymous_2)
FN:31,(anonymous_3)
FN:35,(anonymous_4)
FN:39,(anonymous_5)
FN:40,(anonymous_6)
FN:41,(anonymous_7)
FN:44,(anonymous_8)
FN:83,(anonymous_9)
FNF:10
FNH:10
FNDA:108,(anonymous_0)
FNDA:3,(anonymous_1)
FNDA:1,(anonymous_2)
FNDA:2,(anonymous_3)
FNDA:3,(anonymous_4)
FNDA:1,(anonymous_5)
FNDA:1,(anonymous_6)
FNDA:1,(anonymous_7)
FNDA:88,(anonymous_8)
FNDA:1,(anonymous_9)
DA:1,2
DA:2,2
DA:17,2
DA:18,108
DA:19,108
DA:20,108
DA:21,108
DA:22,108
DA:23,108
DA:26,108
DA:27,4
DA:30,104
DA:31,3
DA:32,3
DA:35,104
DA:36,3
DA:39,104
DA:40,1
DA:41,1
DA:44,104
DA:45,88
DA:48,104
DA:83,1
DA:98,2
LF:24
LH:24
BRDA:26,0,0,4
BRDA:26,1,0,108
BRDA:26,1,1,104
BRDA:26,1,2,104
BRDA:26,1,3,104
BRDA:26,1,4,104
BRDA:26,1,5,104
BRDA:31,2,0,1
BRDA:31,2,1,2
BRDA:66,3,0,2
BRDA:66,3,1,102
BRDA:79,4,0,104
BRDA:79,4,1,92
BRF:13
BRH:13
end_of_record
TN:
SF:..\..\src\components\PostList.tsx
FN:20,(anonymous_1)
FN:23,(anonymous_2)
FNF:2
FNH:2
FNDA:1,(anonymous_1)
FNDA:3,(anonymous_2)
DA:5,1
DA:20,1
DA:21,1
DA:24,3
DA:30,1
LF:5
LH:5
BRF:0
BRH:0
end_of_record
TN:
SF:..\..\src\lib\firebase.ts
FNF:0
FNH:0
DA:1,1
DA:2,1
DA:3,1
DA:4,1
DA:6,1
DA:16,1
DA:17,1
DA:18,1
DA:19,1
LF:9
LH:9
BRF:0
BRH:0
end_of_record
TN:
SF:..\..\src\routes\Contact.tsx
FN:6,Contact
FN:23,(anonymous_1)
FN:25,(anonymous_2)
FN:31,(anonymous_3)
FN:42,(anonymous_4)
FN:50,(anonymous_5)
FN:52,(anonymous_6)
FN:55,(anonymous_7)
FNF:8
FNH:6
FNDA:60,Contact
FNDA:54,(anonymous_1)
FNDA:54,(anonymous_2)
FNDA:2,(anonymous_3)
FNDA:5,(anonymous_4)
FNDA:1,(anonymous_5)
FNDA:0,(anonymous_6)
FNDA:0,(anonymous_7)
DA:1,1
DA:2,1
DA:3,1
DA:7,60
DA:13,60
DA:15,60
DA:21,60
DA:23,60
DA:24,54
DA:25,54
DA:31,60
DA:32,2
DA:34,2
DA:40,2
DA:42,5
DA:43,1
DA:46,1
DA:51,1
DA:52,1
DA:53,0
DA:56,0
DA:59,1
DA:66,60
DA:126,1
LF:24
LH:22
BRDA:42,0,0,1
BRDA:69,1,0,60
BRDA:69,1,1,1
BRDA:86,2,0,60
BRDA:86,2,1,0
BRDA:99,3,0,60
BRDA:99,3,1,1
BRDA:112,4,0,60
BRDA:112,4,1,0
BRF:9
BRH:7
end_of_record
