TN:
SF:src/components/PostCard.tsx
FN:17,(anonymous_0)
FN:30,(anonymous_1)
FN:31,(anonymous_2)
FN:31,(anonymous_3)
FN:35,(anonymous_4)
FN:39,(anonymous_5)
FN:40,(anonymous_6)
FN:41,(anonymous_7)
FN:44,(anonymous_8)
FN:83,(anonymous_9)
FNF:10
FNH:10
FNDA:62,(anonymous_0)
FNDA:3,(anonymous_1)
FNDA:1,(anonymous_2)
FNDA:2,(anonymous_3)
FNDA:3,(anonymous_4)
FNDA:1,(anonymous_5)
FNDA:1,(anonymous_6)
FNDA:1,(anonymous_7)
FNDA:44,(anonymous_8)
FNDA:1,(anonymous_9)
DA:1,1
DA:2,1
DA:17,1
DA:18,62
DA:19,62
DA:20,62
DA:21,62
DA:22,62
DA:23,62
DA:26,62
DA:27,4
DA:30,58
DA:31,3
DA:32,3
DA:35,58
DA:36,3
DA:39,58
DA:40,1
DA:41,1
DA:44,58
DA:45,44
DA:48,58
DA:83,1
DA:98,1
LF:24
LH:24
BRDA:26,0,0,4
BRDA:26,1,0,62
BRDA:26,1,1,58
BRDA:26,1,2,58
BRDA:26,1,3,58
BRDA:26,1,4,58
BRDA:26,1,5,58
BRDA:31,2,0,1
BRDA:31,2,1,2
BRDA:66,3,0,2
BRDA:66,3,1,56
BRDA:79,4,0,58
BRDA:79,4,1,48
BRF:13
BRH:13
end_of_record
TN:
SF:src/components/navbar.tsx
FN:15,Navbar
FN:31,(anonymous_1)
FN:74,(anonymous_2)
FN:104,(anonymous_3)
FN:113,(anonymous_4)
FN:118,(anonymous_5)
FN:142,(anonymous_6)
FNF:7
FNH:1
FNDA:5,Navbar
FNDA:0,(anonymous_1)
FNDA:0,(anonymous_2)
FNDA:0,(anonymous_3)
FNDA:0,(anonymous_4)
FNDA:0,(anonymous_5)
FNDA:0,(anonymous_6)
DA:1,1
DA:2,1
DA:3,1
DA:4,1
DA:6,1
DA:8,1
DA:15,1
DA:16,5
DA:17,0
DA:19,0
DA:32,0
DA:74,0
DA:104,0
DA:114,0
DA:118,0
DA:142,0
LF:16
LH:8
BRDA:41,0,0,0
BRDA:41,0,1,0
BRDA:93,1,0,0
BRDA:93,1,1,0
BRDA:125,2,0,0
BRDA:125,2,1,0
BRF:6
BRH:0
end_of_record
TN:
SF:src/lib/auth.ts
FN:21,(anonymous_0)
FN:29,(anonymous_1)
FN:40,(anonymous_2)
FN:53,(anonymous_3)
FN:63,(anonymous_4)
FN:80,(anonymous_5)
FN:87,(anonymous_6)
FN:105,(anonymous_7)
FN:114,(anonymous_8)
FNF:9
FNH:3
FNDA:1,(anonymous_0)
FNDA:5,(anonymous_1)
FNDA:0,(anonymous_2)
FNDA:0,(anonymous_3)
FNDA:0,(anonymous_4)
FNDA:5,(anonymous_5)
FNDA:0,(anonymous_6)
FNDA:0,(anonymous_7)
FNDA:0,(anonymous_8)
DA:2,1
DA:7,1
DA:16,1
DA:19,1
DA:21,1
DA:22,1
DA:29,1
DA:30,5
DA:31,0
DA:32,0
DA:40,0
DA:41,0
DA:42,0
DA:45,0
DA:53,0
DA:54,0
DA:55,0
DA:57,0
DA:63,0
DA:64,0
DA:65,0
DA:66,0
DA:69,0
DA:80,1
DA:81,5
DA:87,1
DA:88,0
DA:89,0
DA:90,0
DA:94,0
DA:105,1
DA:106,0
DA:107,0
DA:114,1
DA:115,0
DA:116,0
DA:117,0
DA:119,0
LF:38
LH:13
BRDA:89,0,0,0
BRDA:116,1,0,0
BRF:2
BRH:0
end_of_record
TN:
SF:src/lib/firebase.ts
FNF:0
FNH:0
DA:1,1
DA:2,1
DA:3,1
DA:4,1
DA:6,1
DA:16,1
DA:17,1
DA:18,1
DA:19,1
LF:9
LH:9
BRF:0
BRH:0
end_of_record
